2021-01-11T14:50:11 - Minor cleanup
2021-01-11T11:51:49 - Initial setup
2021-01-11T10:20:09 - Fix bug in logic
2021-01-08T15:28:46 - Update documentation
2021-01-08T12:18:56 - Initial setup
2021-01-08T17:41:24 - Update documentation
2021-01-08T12:58:06 - Improve UI/UX
2021-01-12T09:13:35 - Initial setup
2021-01-12T09:48:37 - Remove unused code
2021-01-12T17:10:48 - Improve performance
2021-01-12T17:55:24 - Minor cleanup
2021-01-07T16:40:12 - Improve UI/UX
2021-01-07T18:21:56 - Minor cleanup
2021-01-07T14:48:56 - Remove unused code
2021-01-07T17:58:45 - Update documentation
2021-01-07T13:35:13 - Update documentation
2021-01-07T10:42:07 - Minor cleanup
2021-01-07T10:43:08 - Minor cleanup
2021-01-15T11:04:39 - Initial setup
2021-01-15T14:39:30 - Add new feature
